CIk am Iyorum
CIkar Im lar
CIkarmasIydI
CIk ar sanIz
CIkartIlmak
CIkmaz In a
COl U
COmleGi
COp lUGUn de
COzUm U
CaG an
CaGlIyorlar
CaGlayanlarI
Caba lar ImIn
Cak mIS tI
CalIS Iyor sunuz
CalIS Iyorum
CalISacaklarInI
CalISma lar da
CalIStIr dIk larI
Cal dI lar
CalgI lar la
Cam lar la
CarpItmaya
CarpIttIGInI
Carp ar lar
Carp masI nIn
Cat IlIr
Ce aS
CekiSir
Cekil el im
Cekmeyebilir
Cevril me lidir
Cilingirin
Cimento lar
Cizgi den
Cizgi m
Cizgi sin deki
Cizgi sinde n
CoGalt Im I
In
Internet in i
IsIn I rken
IsIn abilir im
Is lan mak
Is lanma nIn
OGrenci de
OGrencilerimmiSsiniz
OGren mesi dir
OGret me miS
Od Un C
Ode diGin e
Odemezlerse
Odentilerin
Odentilerinin
Oder iz
Odey emez ler
OfkelenmiSti
OlCeGine
OldUr UnUz
OldUr Ur ler
OldUrUrlerdi
OldUr en e
OlecekmiS
Onder leri
Onemsemeli
Onemsemeliyiz
Oner eceGi miz
Onlem i dir
Onlem lerde
Onlem ler den
Onlem leri nin
OrgUtlUlUGUn
OrgUt len erek
OrgUtlenmelere
Or me
Ornek ti
Ort Ul mesi
OtUSUp
Ov Uyor lar
OveCler
Oyle sin
Ozel leSme ye
Ozendir ecek
Ozendir il erek
Ozet le
OzetlediGimiz
Ozetleyebilirim
OzgUrlUGU mU
Ozlersem
SUphelenildiGinde
SUphe len mek
Saf t larI
Sair lerin den
Sair li Ge
Sart sa
Sef lerin den
Sekillendiricisi
Sekil lendiril mesi
Sekil lenme si
Sekl in den
Sey ine
Sey lerde
SiarInIn
Sirket leS miS
Sube ler den
UCUncU ler
UCUncU sUn Un
USUdUGUnU
Ucret i mi
Ucret in i
Ucretlendirilmelidir
Ulke li
Ulke miz deki
Un Un e
UnaydIn
UniformasIndaki
Unite
Universite lerin
Universite niz i
Un len miS
Un len miStir
UrUn deki
UrUn lerimiz den
UrUn leri niz
UrUn ler le
Ure di
Ure miS ti
UretilememiStir
Uretmekteler
Uslu ba
Uslubunun
Uyeleridirler
Uye liGi
UzUlmUyorum
aCIkla d InIz
aCIklama larI dIr
aCIklama sIna
aCIklanabilmiS
aCIklanamadIGI
aCIlIS I nIn
aCIlImlarIndan
aC masI na
aGIrlaStIrarak
aGaC landIr IlmasI
aG lI
aG larI nda
aG lar lar
aGlarmIS
aGrI lara
aGrI tan
a Gusto s
aSIl abilmektedir
aSI larI nda
aSI sIna
aSI yI
aSama dIGI
aSinalIk
aSk Im
aSkIndIr
aS ma mIz
abone ler
abone lik leri
abone ye
ac ImIz
acImdIr
ac In
acele
acele ye
adIm larI nda
adIysa
adalet Ci
adalet in
adalet siz lik
adeleler
adlandIr mak
ad lar da
ad ler
adliyeyi
ahlak ImIz a
akIl lar da
ak acaGI nI
akl InIz
ak la mIS
akrepleri
akrobatlar
aksIyor
aktarabiliyorsunuz
alIStIr d Im
alIStIr ma lara
alIm I yla
alabil eceGi miz
alamadIGInda
alamazsIn
aldat Il abilir
alet ine
algIlanmIyor
almayalIm
amaC lama sI
ambalajIn
ambar
ambargo ya
ambar lI
ameliyat ta
anImsat mak la
anadolu su
anket ten
anlIyormuSum
anlaSamIyordu
anlaSama masI
anlat Im da
anlatabiliyorlardI
anlat abilme leri
anlayabildiGim
anlayamIyordum
anne leri yle
anne si dir
antarktik
apoletleri
arSiv ci lik
arSiv lenme sini
araStIr IlmasI
araStIr abilir iz
araStIr an
araStIrma lar ImIz
ara makta ydI
ara ma larI
ararIm
arayanlarInda
arka daki
armaGanmIS
arsIzca
artIr abilme k
artIracaklarInI
art ma mIS
art masI
arttIr Il mIStIr
arttIr IlmasI
arttIr mIyor
arzuluyorsunuz
arzu m
arzunuzun
asbaSkanI
asetilen
asit ler den
asit li
askeriyede
ast larIn
ast larInI
ast lara
atIl dIGInda n
atIl d InIz
atIl ma nIn
at acak tI
atardamar
atardamarI
atardamarIn
at lI ya
atlan ma masI
atlatmasI
at sIn lar
ayIrIrsak
ayIr ma sInI
ayIr t
aydInlat IlmasI nI
ayet
ayet te
ayna lardan
ayrIS an
ayrIl a n larIn
ayrIm cI lIGIn
azalabileceGini
azal acak
azaltabileceGini
azalt amaz
azalt masI
aziz ler
azmiyle
bOlUm leri
bUro muz
bUyU me lidir
baGImsIz lIGIn dan
baGlan Iyor uz
baGlan abilme k
baGlan ma mIz
baGlantIlardaki
baG lantI s Inda
baSar alIm
baSaramIyoruz
baSaramazsam
baSar dIktan
baSar mak
baSbakan I nIn
baSbakan I y dI
baSlIbaSIna
baSlan IlmasI
baSlatIlmISsa
baSmUhendisliGe
baSmUhendislik
baSparmaGIn
baSvur unuz
baSvuru yu
baba yla
bagajlarInda
bagetle
bakIS ma
bakan lIGIn
bakan lIk larIn
bakan lar Im
bak an lara
bak m an
balCIkla
bal et
bal e ti
b alet in
balkon daki
balkon lar da
balkon undan
banka lardan
barIndIrIyordu
bar a
baraj daki
baraj lar
bastIr ma
beS iGi
beSin
bedavacI
beden li
beden sel
beklen diGi
bekliyorlarmIS
belirle mek tir
belirlen ir di
belirtil mez
belirtil miS
benimkisi
benimseyebileceGi
benze me sini
ber in
besin ler den
beslen di
besleyebilecek
beste si
beste yi
beyaz In a
beyaz lIGIn a
bildirgelerle
bildirgesiyle
bilebilirdik
bilet le
bilgilendir ir
bil iS
bilimselliGe
bilimselliGi
bilinemeyeceGi
bilin e nden
bil miS ler
birey leri
birikim lerimiz e
birik ir
birik tiGi
birleS meli
birleStirildi
bir lerin e
birlik leri
birlik leri nde
bitir miS tik
boGaz lara
boSal masI ndan
boSboGazlIk
boru lar
boru larInI
boru m
boyan ma larI
boy ladI
boy un uzun
bozuk luGu n
buG u
buGun un
budaklara
bulaS abilmektedir
bulan dIGI nI
bu landIrma
buldozerlerle
bulgu larI yla
bul sanIz
bulsaydIm
buluS un a
bulunabilmelerini
bulunama mIStIr
bulut larIn
bulut tan
buluverir
buluyormuS
bunun ki
bura larInI
burasIydI
burs un
cUmle si dir
cahiliz
canbaz
canbazIn
cenazesine
cenazesini
cerrah lara
cevab Inda
cezalandIr Ilmaz
cimbom
cip e
cumbalar
dISIndakini
dISIndaymIS
dIS lay Ip
dISsatImcI
dOSen diGi
dOSetti
dOk se
dOktUren
dOnUStUr meye
dOnUlecekti
dUSUS ten
dUSUn U Se
dUSUn Ul Ur
dUSUnUl me diGi
dUSUnUr lerin
dUSUnUr sUn
dUSUnemiyordum
dUS U p
dUSUr me di
dUS eceGi z
dUS me den
dUS mesi
dUStUGUnden
dU dUGUnU
dUn ler
dUnya mI
dUnya ma
dUzenle mektedir
dUzenleyicileri
daGIl ma lar
daGIl maz sa
daGItacaklarInI
daire de
dal larIn dan
damad I yla
darUlacezeye
darbe sini
davetli ler ce
dayan amaz
deGerlendiremediGimiz
deGerlendirilebilirdi
deGerlendirilirler
deGerlendirmemizin
deGiSme meli
deGin il mekte
de dikCe
defa ten
defterdarlIk
dejenerasyonun
dekar dIr
delege sini
demediGim
demezmiS
demokrasi leri
dene dik lerini
denerim
denetim i yle
dengesizlikler
depolanmaz
deprem in
deprem leri
derbente
derebeyi
derece lerin e
der gah I
dergahlar
dergahlarI
derneG ine
dernek leSme
ders ler le
dertlenip
destekle miS ler
devSiren
devletlim
devre leri nde
devre lerin e
devrilebilecek
dikkat leri nin
diktirdiGi
dilenciler
dilerlerse
dil iyor
dil lendirme k
dil siz
din imiz in
dinle mek
dinlemiyorsa
dinle tir
dinley eceGi m
dinley ecek
dinleyicisiyle
dinley ip
din sel
din siz lik
diren ecek ler dir
dir se Ge
dirseGini
dirseGinin
diy ebilir ler
diyemeyeceGi
dizayn In I
dizayn In a
dizayn da
doGmazdI
doGrulandIGInI
doGur gan
doGur gan lIk
dokUman la
doktrinler
dokun acaGI na
dokundurma
dokun ma dIGI
dokunmayla
dokunuSunu
dolaS Iyor sa
doldur ul muStur
dolunayda
dolu sunu
dominantlIGI
donanImInIzIn
doy ur
dra ma lar
du o
dur ak
durak lama
durak lama lar
durak lama sI
durdurduGuna
durdur ma yI
durdurul muS
dur masI
duyarlIlIklarInIzI
duymamanIn
duy ma sInI
duy maz lar
duyu lar ImIz In
duyu sal
eGit ilme lidir
eGitim lerini
eGit mek ten
eGlen dik lerini
eS i mi
eSleStirir
ed a sInda
edebil diGi miz
edebil iyor uz
edebil mekte
edebiyat ImIz
edemezlerse
edemezsek
edileme den
efendi lerimiz den
efendi lerini
ef e si
efsane vi
ekol ler e
eldivenlerle
e leStir im
emanetCi
emel imiz dir
emel leri yle
emsal leri
endoderm
engelle me di
engelleyeceklerinden
enseme
ensesinden
ensest
ent ar i
entariler
entarilinin
eriSil ebil ecek
erkeG i
erkeG ine
erkeGinki
esas I yla
esin len erek
esinlenilen
eski de
eteGine
et ik le
etken lerin
etkile me sine
etkilen mey ecek
etkiles e
etme dik leri
et m iyorum
ettir ebilir
ettirilmeleri
eylem lerimiz le
ezber le diGi
ezberlemeden
ezelde
fUze lerin e
fa lI
fare de
fare ler den
fark Inda ydI
farkIndaydIk
fark lI yIm
fatih i
fatih in
fatih i nin
fatih tir
fazlalaStIkCa
fedakar lIGI
fedakar lIGIn
fedakar lIGIn I
felsefe sine
fener lerin
fetihler
figUr an lar
figUr leri
fikir leri niz i
filizlenmeye
filo muz
final deki
finansman da
fonksiyon larIn a
formUl den
fotoGraf CI lIk
fragmanlarIn
fragmanlarIna
frekans lar
fukarasI
gOkyUz U yle
gOlge yi
gOl leri nde
gOmUlmUStU
gOnder il ecek
gOrUStUklerini
gOrUl Uyor sa
gOrUl ebilir
gOrUl mek ten
gOrUlme yen ler
gOrUnUS lerde
gOrUnmediGinden
gOrUs Un U
gOr U yUm
gOrUyor
gOrdUk
gOremezsin
gOrev im in
gOrev im iz de
gOrevlendir ebilir
gOrevlendirilmiSlerdir
gOrevli ler e
gOrgU lerini
gOr meyi n
gOsterim leri nde
gOsteri si
gOster mekte yiz
gOtUr UcU
gOtUr UldUGU
gOzUk Ur
gOzUk ebilir
gOzUk me mektedir
gUClendir ir ken
gUClendirmekti
gUCsUz lUGU n
gU dU
gUlUmsUyor
gUl me
gUnUde
gUn Un U
gUncel leS miS
gUrUltU dUr
gUvence sini n
gUven me nin
gabari
galatasarayI
galatasaraylIyIm
galib iyet e
garibi
gavur
gavur ca
gazeteci ler e
gazeteci ydi
gazete dir
gazete lerin
geCen i
geCerli dir
geCilemeyeceGini
geC ilme ye
geCimsizliklerin
geCir il miStir
geCme dik leri
geC meniz i
geC meyen
gece sinde
gelecek t iniz
gelemiyorlar
gelenek te
geliSim le
geliS tiGi nde
geliStirilebilecektir
geliStir ilir ken
geliStirmedikleri
genC lerimiz in
genC liGin deki
genC liGi niz i
genC lik lerini
genCliklerinin
genel lik
geniSletmektir
geniS ley en
gerCeG i ydi
gerCekleSemeyecek
gerCekleS me lerini
gerCekleS mez
gerCekleStir diGini z
gerCekleStir dik ten
gerCekleStir eceGi niz
gerCekleStirilebileceGine
gerCekleStir mek le
gerCekleStir me miS
gerCekleStir mesi dir
gerCek ler den
gerekCe yle
gerek mez
gerek m iyor
gerektir ip
gerilim den
gerilim i nin
geri si
ger meyi
getirdiGidir
getir diGin den
getireceGinin
getir eceGi z
getir en lerin
getirilerinin
getiril iyor du
getirmemeye
gidebilirdik
gid ebil iyor
gideceGinden
gid erek
gidiS lerin e
girdi den
gir dim
gireceksin
giriSim ci lik
giriSim i nin
giriveren
giy meyi n
gizlemiyorlar
grev i ydi
hIrs lar
hIzlandIr abilme k
hIz lanma nIn
hIz larIn
haC
haC a
haC lI lar
haC larIn
hac ze
hafIzanIzI
hafIz asI nIn
hainidirler
hakimliGince
haksIzlIktan
halindeydik
hal is
halk ImIz a
hal ler
hal lerini
hal let mek
halletmesi
hallettiGi
hasIrIn
hasadInI
hasadIndan
hasar Inda
hasreti
hasretten
hastane si
hatIra nIn
hatIrlIyordu
hatIrla m Iyorum
hatIrlat ma yI
hata dIr
hat larIn
hatt In
hat un u
hayaletinden
hayat a
haydarpaSaya
haydutlarIn
hazIrlan ma dan
hazine lerini
hazzI
hekim ce
helyuma
hepside
hep sinde
hesap la mIS
hesaplama lara
hesap lama sI
hesaplama sIna
heyecan Im I
hiC liGin
hiC lik
hindistanda
hindistandan
hisse leri
hisse lerini
hisse leri yle
hissettiklerini
hit ama
hortumlandIGInI
ho t
hristiyan lar
hur iye
iCerik le
iCerik ler den
iCerik lidir
iC inde
iC iniz de
iCki ler e
iC kin
iCki n dir
iC mek tir
iCselleStirir
iSaret lerin
iSitmiyoruz
iSle mek le
iSlemelerinin
iSlemelerle
iSlet iyor du
iSletmeciliGini
iSleyiS ten
ibadet ine
ib o
ibonun
icmali
icmalleri
iddia larI nda
ihtilal in i
ihtilal ler
ihtiyaC larI mIza
ileri sinde
ilerletilmesine
ilerliyorduk
ilgilen dik
ilgilen dik lerini
ilgilen me nin
ilgili ler le
ilgili yim
ilimci
ilimlerle
il ler
il ler le
imparatorluklarInI
imtihan lar la
imzala mIS lardI
imzalayabilmektedir
inan ma larI
inanmamIStIr
inanmamalarI
inceleme dir
indirgen ecektir
indirgen emez
indirgeyici
insan ImIz I
insanIsInIz
irade si yle
irdelemeyi
irde lenebilir
irde ley in
irkilen
is siz lik
istanbul lu lar
istanbul un
istatistik lerimiz
isteG inde dir
isteme m
ister din
is tesel er
istey ecek ler
istikamettedir
ithal in den
it me sini
iyileSmeyle
iyodUr
izah I nIn
izin dir
izlememden
izlenemiyor
izlen me sine
iz leri dir
kISkIrtIldIGI
kIl arIz
kIlavuz lu
kIl ma dI
kIl mak tI
kIrk I
kIr mIzI ya
kIsIt lI lIk
kIsItlayabilecek
kIsmete
kIta lan
kIta sIn daki
kIvr Im da
kIvrImlarInI
kIy ImIn I
kOSk lU
kOken leri
kOle
kOle leri
kOpek le
kOpek ten
kOylUmUze
kUfUrdUr
kUlahIn
kUlahlI
kUlhandan
kUnefe
kaCInmamIStIr
kaCIn mayan
kaC may In
kaG an larI
kaS IGI
kaSIGa
kaSIk ta
kabartIp
kabarttIlar
kabullenmiSlerdi
kadar dI
kahramanlarImIzIn
kalIn dIGInda
kalIp larI
kalIp tan
kalb im iz de
kalb im le
kalb in den
kalem leri nin
kalfalarI
kalite lidir
kalk tIGI nda
kal mak la
kamCIsIdIr
kamp In a
kanaat larI nIn
kanal a
kanal lara
kan maz
kapanISIna
kapasite ler deki
kapasite lerini
kaplamIStI
kap lan an
karIs I nIn
karSIlaS Iyor lar
karSIlaSmadIGImIzI
karSIlaStIGImIzI
karSIlaStIr InIz
karSIla dIk larInI
karSIlay abilir
karSIlay acak tI
karSI tIn
karakeCili
karalanIp
karamsar
karar lI lIGI
kara taS I
kardeS i dir
kardeSlerimizce
kardeSlerinizle
kardiy ak
kars a
kart la
karyaGdI
kasaba mIz
kaset ten
katIlabilmiStir
katIl masI yla
katedralde
katedralin
kategori ler den
katil in
katil in i
kavradIGI
kavray abilme niz
kavuStuktan
kayIsIda
kay ar lar
kaybet tin
kaynaS maya
kayna dIGI
kazanIlanIn
kazanIrlardI
kazan abilme
kazandIr mIStIr
kazandIysam
kazan ma larInI
kazanmanIza
keSfed eceGi miz
keSfed il iyor
keSfet me lerini
keSfet meniz
keSfet tik ten
keSfinin
kehanetin
kehanetini
kelime leri yle
kemik ler e
kemik siz
kemoterapiye
kend ir
kesil ip
kesilmemeli
kesinleS en
kesinti
kesinti ler den
kes me sin
kiSi nin
kilimcilik
kilit lenme
kirlet ti ler
kirli ler den
koS abilme k
koSamayanlar
koSturacak
koSuSmalar
koSuttur
kod lu
koliti
komSunuzu
komite ce
komite dir
kompozisyonlarInda
kompoz isyon u
kompozisyonudur
konak lama larI
kon muStur
konsept i
konsey i nin
konteynere
kontra
kontrolOrUn
kontrolOrlUGU
konuG u mu
konuSamayIz
konuStu nuz
konuSturdum
konuSul un ca
konuSul uyor sa
konuS unda
konum lan mIS
konut tur
konvoydaki
konvoylarla
konya spor
kopya larI
koridor lara
kork maktadIr
korku n C
korunmalIdIrlar
kredi niz
kredi ye
kroki leri nin
kuSatIcIlIGI
kulUb ecik
kullan
kullanIm In dan
kullanabiliyordu
kullanamamasIna
kullanmayanlara
kullan maz lar
kurban I nIn
kurulamamIStI
kurul da
kuruluS unuz da
kurut ul an
kusur larIn
lastiGiyle
lav m an
lavrion
lazIm lIk
lazIm mIS
letafet
lif i
lig in
liste deki
li tera tUr
lok masI
mUSah it
mUdafiden
mUdafiye
mU da hale ler
mUkellef lerin den
mUktesebatInI
mUmessil ler e
mUminleri
mUsabaka lar da
mUslUman lIGa
mUslUman lIkla
mUslUman lIk ta
mUslUman larIn
mUstacel
mUzisyen lerin den
mUzisyen leri yle
maGlupken
madde ler dir
mahal leri
mahal lerin deki
mahiyet inde dir
mahvetmekle
mahvettikten
mail i
makale ler e
malatya lI
man i dir
man i leri
mankenlerden
man sIz
market ler e
mark larIn
matematikCidir
maz ur
meSgulsUnUz
meSrulaStIrIlIr
medeniyet lerin e
med it asyon
meditasyona
mekan daki
mektuplaSmalar
meltem i
meltem lerin
memeliler
menU ler
mendil le
mermer in den
meslek lerini
meteorolojiye
metin di
metin e
mevzi len en
mevzi lenme si
meydan Inda
midyenin
millet
millet ce
mimiklerin
min e li
mineral lerin
modern i
modernleSmeden
modern leSme sini
modernleStiriyor
modern liGin
monitOr lUk
moral iniz i
muSt a
muarrem
muayen e de
muayenehaneye
mubayaasI
mucize ydi
murad I
murad In I
mutfak lar
nahiyelerinde
nam a
nazIrInIn
nazIrlIGIndan
neSelenince
neSr iyat
neb ze de
neden lerin e
nefes im le
nefes i nin
nehr ine
nevrim
nidasInI
nikah I nIn
nikah lI
nikah larI
nuh a
obje
obje ler le
obje sini n
ocak sIz
oda ya
okSasIn
oksijen siz
ok tan
okuduGumu
okut un
okut uyor uz
okuy a mayan
okuyucu lar ImIz
olamadIGInI
olasI lIkla
olgunlaS amaz lar
olgunlaS masI nIn
olgu su d ur
olmay an In
olmaz lardI
olmuSumdur
o luGa
oluSabileceGine
oluStur ma dI
oluStur ma larI
oluSturulmasIydI
oluStur uyor sunuz
oluSum lar
olum lan an
olun maz
onar Il mIS
onay In a
ora da dIr
oradayken
ordu daki
ordumuzdan
orkestra sInI
orospuluk
otel ci
otel leri nde
ot lar la
oturtulmasIna
oynatabilen
oynay acaGI mIz
paket e
palazlanIyor
pantolon lu
pantolon u yla
parCa cI
parCa la
para mIza
para sI dIr
parlamentolarIn
parlamentosunu
parola larI
parola ydI
parti sinde
parti sine
pas
pasifik teki
passionu
pastanelerde
pastanelere
patlIcanlarI
patlamIStI
pavurya
pay e ler
pazI
pazar In daki
pazarlamacIlIGI
pedikUr
penCeleri
perde de
pervazIn
pe stil
piS miS
pis liGi
pis liGin i
plaketini
planla ma sInda
pl us
polemiGi
polemiGine
poliCe de
pozisyon u
prensesle
prim lerini
profesyonelliGi
psikoanalizle
puan Inda
puan lama nIn
rUyalarImdaki
rUya larInIz
rUya mIz
rakip ler
reddet meye
reis li Ge
rey iniz i
rezerv
robot un
rota larI
sIhh I ye
sIkIStIr Il Ip
sIk maz
sInIflandIr Il Ip
sInav dIr
sInav larIn daki
sIra lama da
sIra lanma sInda
sIra larIn
sIyIr ma
sOkUl
sOndUr UcU
sOndUr meye
sOn me
sOyleyemeyeceGim
sOz UmUz Un
sOzlUk leri nde
sOzleSme si yle
sOz lerimiz
sU mb Ul
sUnger
sUrUklemeli
sUrUkleyebileceGini
sUrUl mesi dir
sUrdUGUnUn
sUrdUr ebilir ler
sUrdUrebilmesine
sUrdUr ecek ler dir
sUrdUr en leri
sUre mi
sUre siz dir
sUrpriz in
sUrpriz ler e
sUrpriz lerin den
sUrpriz li
sUtun lara
sUvari leri yle
sUvari sini n
saG Im I
saGlanamayacaGIna
saGlayIcI larI nIn
saat lerin den
saatleriydi
sabot aj
saha larI
saha nda
sahanlIGInIn
sahil i
sahipleridirler
sakInIm
sak al lI
sakin lerini
sak lI
sak lI ydI
sak l Iyorum
saklan abileceGi
saldIr gan
saldIrganlIkla
salgInlara
sandalye lerini
sanrIlar
santral leri nin
sarI Ca m
sarImsaGIn
sarIyormuS
sat Iyorum
savaS Iyor lardI
savaS ma nIn
savaS ta
savurganlIGI
savurganlIGInIn
sayIlmayacaGI
sayardI
say dIk larI
saygI sIz lIGI
seC ebil mek
seCemiyor
seCmenleri
sebeb in
sebze de
se den
selam lIGIn daki
selam lIGa
selamlIyorlardI
selim i
semantik
semih
sempozyum u
semt in i
sen ce
sendrom u
senmiSsin
sensizliGi
sergilenip
sergi lenme ye
sergi lerin e
sergi miz i
seri lerini
serpintisini
sert leSme
sevecenliGi
sevecenlik
sevecenlikle
sevenlerimin
sev il miS
sevindirmiStir
sevin eceGi ne
seviyormuSuz
seyret me lidir
seyret miStir
seyret m iyor
seyret tim
sezgiseldir
silinmemiSti
simitlerin
sipariS leri niz
soGukkanlIlIGInIzI
sohbet imiz i
solistin
solistler
solladIk
solukdur
so mut
sopalarInI
sor abilir ler
sorgu lay In
soruSturulmalIdIr
sorul ur
sorun un u
sorun un un
soyad I yla
soykIrImIn
soykIrImInIn
soy ucu
stok un
strateji sini n
suClamIyor
suClamaktan
suClandIrIlIrlar
sulanInca
sulandIrIlmamIS
su lar daki
sullivan
sun abilir iz
sun abilme
sun acaGI
sun ma sInI
sun muS
sunum la
sunum u
sus a
susadI
su suz
tIkamakta
tIr lar
tIrmanmIStIlar
tOren inde
tOren in den
tOren ler le
tUfeGimiz
tUken ecek
tUmen
tUm lUGU nUn
tUr U dUr
tUr Un U
tUr deki
tUrediGini
tUrkiye de
tUrkiye li
tUrkiye li ler
tUrkiye miz de
tUrkiye siz
taSIn dIGInda n
taS ken t
taS tIk larI
tabaka daki
tak acak
taksi di
talimat larInI
tamir inde
tamir ine
tanIStIracak
tanImlayabileceGimizi
tan Ir lar
tanIt Iyorum
taramIS
tarama sInI
taran arak
tarla lar
tartISIlmadIGInI
tasar lan amaz
tasar layabilir
tasfiyeden
taslak tak i
tav dIr
teSvik leri yle
tecrUbe leri yle
tedarik Ci si
ted mer
tehlike lidir
tehlike nin
tekne ler den
tekne sini
teknoloji leri
tekrarlamakla
tekrar lanma lIdIr
tekrar lardan
tekstil i nin
tem ada
temel in deki
temel in den
temel len en
temelsizdi
temizlemesini
temizlen sin
tempo yu
tente li
tercihimdir
tercih leri nde
terked ilir
terked ince
terminal ine
tertibat In
tesadUf lerin
tetik ley en
tezgah In daki
ticaret imiz i
ticaret teki
titre y erek
titriyor
tiyatro lar da
tiyatros un a
topallayarak
toplan amadI
toplan mIS lardI
toplusOzleSmeli
toptan cI lIGI
torun larInI
trajedilere
trajedileri
trajedisine
trombon
turcas
tuttururlar
tutul du lar
tutul ma
tutul ma lI
tutulmalarIna
tuvali
uCak
uC masI
uGra dIk
uGramamalarI
uGrarsa
uGur ladIGI mIz
ufa lanma
ulaSmISken
ulaSma mIza
ulaS masI ndan
ulaStIklarIna
ulu ma nIn
umursamadIGI
umut
umutlandIrdI
umut larIn
unsur larIn a
unut abilir
unut abilir iz
unvan larI yla
uyanIrdIk
uyar an In
uyar lama larI
uyar lanma
uygula masI ndan
uygun dur
uy ma larInI
uza mIS
uzatmazdI
uzay Inda
uzlaSarak
uzmanlaStIGI
uzvunu
vahSet leri
vahSi liGi
vakanUvis
var acaktIr
varislerden
vasiyetnameden
vatanda S larIn
vazgeC erek
vazgeC me mesi
vazgeC miStir
vazgeC tin
vekil in i
ven den
ver diGim
verdiGinizi
verdiren
verebil me lerini
verebil me lidir
vergi sini
veri leri niz i
ver il mekte
veril mektedir
veritabanlarIyla
vermeseydim
verniGi
vitamin leri yle
vur abilecek
yOnel mektedir
yOnelt ebilir ler
yOneltilebilecek
yOnetendir
yOnetici dir
yOnetici liGin de
yOnet ilme sinde
yOnetim lerin deki
yOnet ir ler
yOnlendir in
yOnlendir me lerini
yUceltmeleridir
yUksek ler den
yUksek li
yUksek liGin in
yUrU me den
yUrUtUl mesi yle
yUrUyenleri
yUzUlmez
yUzdUrme
yUzyIl ImIz In
yaSa dIGI nIn
yaSadIGInIzI
yaSan IlIr
yaSan I rken
yaSan Iyor sa
yaSandIysa
yaSanmasa
yaSantIlarImIz
yaSantIlarIna
yaSan t Im
yaSantImdan
yaSarlarken
yaSay abiliyor lar
yaSlI lar
yaSlI sI yla
yakInlaStIGI
yakInlaStIkCa
yakIn larInIz la
yakIt In a
yakIt I yla
yakIt larI
yakIt ta
yaka nIzda
yak tIn
yanItlanmadIGI
yandaysa
yangIn la
yankIlaSIm
yankIlanIrmIS
yankIlandI
yanlIS larI
yanlIS larInIz I
yanlIS tan
yansI ma lara
yansIt Il arak
yansIt abilecek
yapIStIr dIk
yapIlabil iyor sa
yapIlan ma dan
yapIl mIS sa
yapIlma
yapIm In
yap Inca
yapIt lardan
yapabil mekte ydi
yapamIyordur
yapamayacaGImI
yapmadIGImIzI
yaptIk
yaptIr Im da
yaptIr Im larI
yaptIrImlardan
yaptIrImlarla
yaptIr dIGI nIz
yarIS lar
yarI cI
yararlanamayacak
yara sa ydI
yarat ama dIGI
yaratmalarInda
yargI dIr
yargI dan
yargIlanamazlar
yargI lan masI
yargItay ImIz
yargItay In
yargItay dIr
yasaklanmasInIn
yasa sInI
yas lay arak
yatIrIlacaktIr
yatIrIldIktan
yatIr arak
yavaS lI
yayImlandIGInI
yaygIn ca
yaygInlaStIrmanIn
yaz ImIz a
yaz InIz
yazdIr
yaz ma masI
yazmayla
yeGliyorlardI
yeSereceGini
yeltendi
yeltenince
yeltenmektedir
yeltenmiStir
yemekhanesi
yeme meniz
yenilen ebil ecek
yeni lenme
yenilikCilerine
yenilik tir
yeral ma mIz
yer dim
yerin e de
yer iniz
yerkUrede
yerleSebileceGim
yetiSkinlik
yetiS meniz
yetiStir diGi
yetiStirilirler
yetki lerimiz
yetki lerin e
yetkili ler le
yetki miz i
yet k in
yetmiSin
yet ti ler
yirmi lerin
yiy emez
yok luGu nu
yok luk
y om
yugoslav lar
yum an
yumuSakCa
yunanlI lardan
yurtseveri
yurttaS larI mIza
yut a rken
yut masI
yut maya
yut t um
yuva dan
yuva larI dIr
zIlgItlarla
zamanlamayla
zarf I nIn
zarf lara
zemin de
zenginleSmiSti
zevk ler le
zihniyet i nin
zihniyet lerin
zincir i yle
zorlaStIr dIGI
CIkIlmayacaktI
CIkar In a
CIkart IlIr
CIkrIklarIn
CIrpI p
COreklerden
COz ebilir ler
CaGIr dIk larInI
CabalIyorsun
CalISIlamamIS
CalISma sIn
Cal ay Im
Canta sIz
CarpIlmanIz
CatalcayI
CeSnilerin
Cekilirdik
Cek me mesi
Cen e de
Cevir mek tir
CiCek lerin den
C inde ydi
Cizgi sine
Coban lIGa
CubuG a
IlIm lI lIGIn I
IsItISIn
IzdIrabI
OGrenemeyeceGimi
OGret isi
OdediGinizi
Ofkelendiler
OlC eGi nde
OldUrUyorlarsa
OlmeyeceGine
Onemsemeli
OngOrUl mekte
OpUSUyordu
OrgUtlemesiyle
Ort Ul mUStUr
OvUnmektedir
Ozcan la
Ozendir mek
OzgUven li
SIk I
SaSI lIGIn I
SahIs I
Saklatarak
Sar abI
Sebeke sine
SekillendirilmiStir
Serif deki
SiSmanlatmaz
Sirinyerdeki
Suur umuz a
UleStirildiGi
Universite ler le
Uretil me sini
UskUfUnU
UtopyacIlIkla
Uzerindekilerin
aCIklay Ip
aCabileceGine
aGIr lIGI mIz
aGartmaya
aGz ImIz dan
aSaGIdaGdereliler
aS mIS tI
ab i mi
acelecilikten
adamISlIGI
adet leri yle
affetmedi
ahlakdISIlIk
akISIkIn
akad In
aklamaktan
aksimizde
aktedilecek
alISmadIGIm
alIndIGIndaysa
alacak lI lIk
alay larInI
aldattIGInIzI
algIlanabilme
allahlarI
altISar
amaC lar ImIz
amerika sIz
anImsat ma dan
an amadI m
an i mi
anlaSma mIzI
an larI nIn
anlatmadInIz
anneanne
antitezi
arIndIr Iyor lar
araStIrmacIlarla
aralayacaktI
arayIS larIn dan
arkadaS lar ImIn
artIdayIz
arttIr a mIyor
asIr lar dIr
asl In dan
atIlIm Im
ata lar ImIz
ateS leri
atlattIn
avSar a
avuc un u
ayIrabileceGimizi
ayamama
aydInlatIlmasIndan
ayna ya
ayrIlmamamIz
azalmamIStIr
az ma
bIrakacaGImI
bObrek lerini
bOlge miz de
bUrUnebilirler
bUyUGUz
bUyU t UcU
baGImsIzlIGImIzI
baG lIdIr lar
baGlasInlar
baSarIsIzlIGIdIr
baSkalaSIm
baSlamIS Iz
baSlay abilir ler
baSvurulmamIStI
ba f
bahsetmediGimizi
bakUdeki
bak ma larInI
ballanIrsa
bant larI yla
bariton
bas ay I
bastIrmIStIn
bat tIk tan
bayram larI nIn
beS im de
bedbinliktir
beklemezdik
belagatla
belirle me dim
belirtil me diGi
benetlerinin
benzemezmiS
bergam a
besteciyle
beygirlerini
biCim i yle
bildiklerimiz
bil eceGi m
bilgi leri mi
bilincinle
bilmeyeceGiz
birCoGu nun
biriktirilmesinin
birleStirmesiyle
bitir en lerin
bizimse
boSal ImIn
bohCasInI
borClu luk
boy lama ya
bozmasIydI
buGday larInI
bulaStIGImI
bu lay an
buluSmuStuk
bulunmalIsIn
bunal abilir
buruSuklarI
cIzIrtI
cam cI
canlandIr mIStIr
ceketimin
ceolarInI
cevap landIr IlmasI
charlesla
cinsiyetinden
c on
dISlanIyorum
dOkemiyor
dOnUStUrebildiler
dOnememen
dOvUSemeyen
dUSUn U
dUSUn ecektir
dUSUrmedin
dUSman lara
dUnya mIz daki
dUzelt me lerin e
dUzey den
daGItamadIGIm
dal Im
damItIlmasI
danalardan
dava mI
davranmamIStIr
dayandIrIlmIS
deGerlendireceGinize
deGiSiklik te
deGiStir ilmesi nin
deSildikCe
defterimdeki
delil ik tir
demirOzdUr
denen di
deneyselciliGin
densizlikle
dergaha
dernek leri nin
destekCilerini
devamsIzlIklarIyla
devred e
dezavantajlara
dikeyine
dilek e
dinamiGi ni
dinlenemedim
diplere
diretmedi
diyalog dur
dizge sinde
doG ma lar
doGum u yla
dokunabilirsen
dolaS mIS
dolay sIz lIGIn
donan I rken
dostluklarla
dua larI ma
duramIyoruz
duruS tak i
duyamadIktan
duymasa
duyurmamIStI
eGitildikleri
eG me lidir
eSleStirilebilecek
edebil diGi
edibe
edin diGini
efkarda
ekib i yle
ek miS
ek tir ir
eleStirmeyeceksek
elkatmIS
emekli yi
emr in
enfrarujdaki
enselenip
erdemindendir
eriSebilsek
erkek le Sen
ertelenmeyecekmiS
esirgememeliyiz
esrar larI yla
etkilemediklerine
etkitilecektir
et ter
everdik
evliliklerinin
eylemelerine
ezilmiSlikte
fIrlatmasI
fagot
fantezilere
far larI mI
fazla lIGa
fenomeni
fethedilmemiS
fikir leri nde
finans
flor a sInda
fosille
fueloil
gOCmen lerin den
gOlgeliydi
gOnderemiyor
gOrUS U rken
gOrUl mekte ydi
gOrUntU sU
gOremiyormuSuz
gOr meli siniz
gOstergeleriydi
gOstersem
gOzUk mek
gOzlemesini
gUCleStirmemek
gUdUyor
gUldUrmenin
gUnah sIz In
gUn lerimiz i
gUven en in
gUzelliGindeydi
gap tan
gayret in
geCeceGinin
geCindiGimi
geCir mey ecek
gebertmeliyiz
gelebilmesidir
geliSme
gelin liGin in
gemi ler e
geniSletilemez
gerCekleStirdiklerimizle
ger ecek ler
gerginliklere
getir eceGi ni
getirmeyerek
gezginidir
gidemediler
giovanninin
giriS iyor lar
gitme dik lerini
giy il iyor
gizleyince
grozniyi
hIrCInlIk
hIzlandIr arak
hUmanizmanIn
haber de yse
hafif le mek
hakimiyet in deki
hal i me
hamalInIm
hangarlarI
harb isi
harf lerin den
hasrettirmiS
hatIrla ma mIz
hat larI yla
hayIflandIGInI
haykIrmakta
hazIrlan abilme si
hedef i dir
hem i
hesaplanacakmIS
hezarfenin
hinoGluhin
hisset me sini
hizmet tir
homojenleStirmesi
hububatI
huzursuzluklarInI
iC iSi
iC teki
iSbirlikCisidir
iSle me mesi
iSlev imiz i
ib iS
ideal in i
ihanet leri
ihtiyarlarI
iktibasta
ilerideydi
ilet mez
ilhanI
ilke r
imar In a
imzala
inan Il dIGI
inanmayInIz
incindirilerek
indir miS ler
in lerin e
intifadaya
irfanInkilerin
iskoCyanIn
istatistik leri dir
istencinden
istihbaratCIlIGInI
italya lI lar
itiraz larI mIzda
iyi sin
izlenim lerimiz in
ja le de
kISkIrtmalarIn
kIlgIn
kIpIrtIlarIyla
kIrbasIn
kIsIm sa
kIsmetinin
kIyI larInIz a
kIzIlordusu
kOC ek
kOpUrsUn
kOtUleStiren
kUCUltmeye
kUltUrUnUzle
kUsUr lUk
kaCIn amay acaGI
kaCamaktIr
kaS m ir
kabul dUr
kadastrosunun
kaf es li
kahve mi
kalIrdInIz
kaldIGIn
kalemlinin
kalkanIm
kalp teki
kamulaStIr acaktIr
kanad oGlu
kangalIn
kapI larI mIzI
kapan ma yI
kaplIyordu
kaptan In dan
karIklarI
karSIlaStIr IlIr
karSInIzdayIm
karakter im in
karar la
kardeSimsin
kar nIn
kasaba ydI
katIlaSmIS
kataloG un un
katlederler
kavga cI
kavrayamayacaktIm
kayIklardaki
kaybet me mesi
kaydedil me diGi
kaynak lan abilir
kazak a
kazandIr acaktIr
keSfedivermiS
kelebektir
kendilerindedir
kerpiCleri
kesim lerimiz e
kestirirdik
kibar lar
kimliklerdir
kirlen me
kitle me
koGulmuS
koalisyonlarIyla
kok t um
kollarIndayIz
komedidir
konCertolar
kon muStur
konuS abilen
konuSturalIm
konum lan masI
kopar ma dI
korkakmISIm
koro larIn a
koruy acaGI z
kovuGundan
koymazsanIz
kraliCeye
kuSUzUmUnU
kub i
kulatIna
kullan abilir siniz
kulvarlarInda
kurabileceGini
kurd u dur
kurtar IlIr
kurtul masI
kuruluS larI mIzI
kus tuGu nu
kutup lar
lUksUmUzdU
lak e
leh im siz
liberal leStir ilmesi
lisan larInI
lokmayla
mIzraklar
mUdUr lerin
mUjde le diGi
mUnasebet imiz in
mUsteSar I
mUziG im
ma bet
mahallelisidir
mahvolmak
maksad ImIz I
ma ma sInda
mankenli
marka da
maske sini n
mayalandIrIp
meSrulaStIrIlmasInI
medya m
mektup larIn daki
memur luk la
meraklanmIStIk
mersinliyi
meslektaSlarInIz
mevcu da
meyvacI
mihr ak larI
mil li ler
mirasIndIr
mizacImda
mondenler
muGlaklaSacaGI
muhafazakarlarla
muhtev a sInda
mutabakat I yla
nOron larIn
naklediliyormuS
nas a
nedameti
ne niz in
nev sal
ni lU fer
niyetleniyorum
not a sInda
obje leStirme
ofis lerin
okumamIStI
okutulursa
olacaGI mda
ol da
olma masI yla
oluSturabilmiS
olunabildiGini
onarIlmak
onur unuz u
organizasyon larI
ortaklaSmacI
otel ci lik
oturakaldI
otuzlardaki
oyna masI dIr
oyuncak lar
paCavralara
pamukCuklar
parCa la mIS
paralel liGin i
parlementosu
pasife
patoloji leri nde
paylaSmalarIndan
pehlivanInI
perCemlerinin
petrol U yle
pilot a
plakete
pohpohlayacak
popUlistliktir
pozisyon dur
prodUksiyonlardI
propagandalarInI
puan lama ya
rUfekasI
rahat InIz I
rakkasen
rastlasam
reddetmediklerini
rejide
reseptOr Un de
rezalettir
rol U mU
ruh ta
sIGIn amaz
sIkISmISlIGIn
sIklaStIrdIm
sInIrlandIrmadIlar
sIralanIrken
sIyIr dIGIm I
sOkmenden
sOylUyor san
sOylen il miS
sOzcUkler deki
sUngUnUz
sUrUl mek le
sUrdUr emez siniz
sUrmeyeceksiniz
sUz dU ler
saGlIklIlIGIyla
saGlayabilirken
sabit tir
saf mIS
sahne li yor
sakinleStirdik
salIver ilme sini
salgI lan mIS
saman lardI
sanatsallaSmasInda
sansUrUnden
sap tIGI nIzda
sarIm dIr
sarkmIStI
satIlmadIGInI
sav I nIn
savsaklamamak
sayIStay a
saydam I nIn
seC ebilir iz
seCmelere
seferber liGin
selamet Ci
semptom larIn a
s ente ye
sergile dim
serpiStirilen
seslendir il
sevdiysem
sev ilir
sevmediGinden
seyrediyorduk
shovda
s il eceGi
simge lerini
sin i nin
sistem lerimiz
siyasi leS mesi
sofra
sokul maya
somkayanIn
sonuClandIrIlmasInIn
sorgulanacaktIk
sorul masI nIn
southampton
soyutlamadan
standart larI yla
suClama larIn
su lak
sunmasIydI
suskunluGu
tIkamamaya
tIrnak lan mIS
tUken dim
tUn dUk ten
tUrkerden
taSCIyan
taSIyabilmelidir
tabaklarIn
tacizcisine
tahsil lerin e
takInmIStIr
taksit le
taliplerin
tanIS Iyor lar
tanImayacaGIna
tanIt Il acak
tanrICaydIn
tarafgirliGi
tarihlendirilmiStir
tartIStIrIyor
tasarruf larIn daki
tatmin le
taylanddaki
teSvik
tedavi si
tekel ler ince
teknoloji deki
tele on da
temellendirecek
temsil ler den
tepetaklak
tereddUt ler e
terorizm i
tespit tir
tezgah a
tiplemesinden
tokalaSmIS
toparlandIk
toplardamarlar
toptan cI larI
trabzonsporda
troyayI
tur lar Im
tut ma lI
tutuk e vi
tutunuyorsun
uCuS ur
uGra dIk
uSak lIk
ulaSabilirlerse
ulem a
umursamazlIk
unutmayacaktIm
us lanma
uyacaGImIzI
uyarI sIz
uygula dIGI
uygun luGu n
uyuduGunuzu
uza dIGInda
uzan abilecek leri
uzlaStIrabilirsek
vadi si
vali yle
vardiya da
varsalar
vatanperverlikten
veballer
verdiGimizden
veriStirdi
vermekmiS
veziristanda
vitrinlerle
vurgu lanma sInI
yIGIn aGI nIn
yIk makta n
yIpran ma dan
yOnelmiSliGin
yOnet iyor muS
yOre lerin
yUkleniveren
yUkselt me
yUrUt meyen
yUzde yim
yaGdIrdIklarI
yaSam Iyor sa
yaSa ra
yaSlandIn
yadsIyIcI
yakIn lIk larI
yakalandIlar
yaklaSamIyorsa
ya la mIS
ya ma larIn
yanIt lIdIr lar
yan i
yansIt abilme si
yapIlamadIGInI
yapIt In daki
yapaylIGI
yaptIrIlabileceGinin
yarI lar
yaramazlIklar
yaratIkmIS
yarat t InIz
yargI sInIn
yasa sI yla
yatIyordun
yaverini
yayIndandIr
yaygInlaStIGIna
yazIl dI lar
yazar lar ca
yeGlemiStik
yek san
yem ley in
yenilgi lerde
yerkUreye
yerlinin
yetiS sin
yetinmeyeceksiniz
yinelemiS
yiyecek ten
yokolmalarI
yoldaSlarla
yorgan larIn
yorum lay InIz
yumruklanmasI
yurtseverliGinde
zIpkInlar
zalimane
zar da
zehirlenmeden
zerr in
zincir imiz
zorlamayanlarIn
