pöfeteg ből
ple onazmus
világ háború s akban
lug as hoz
fal játok
kirakat a
kop ol tyú kat
közös ség eké
futás ból
japán ul
uralkodó család oké
le nyűgöz nek
fog tündér ekéi
igazgató nk
hall anátok
zo ológus oké
mű fog ad
világ csúcs hoz
érv el jük
nagy zol ó
mikro szkóp nak
egzotikus ság oknak
piton ért
ispotály ról
be szed jen
patak i ké
vég ül
állam polgár i
elrejt ve
csillag szór ókként
leg alattom osabb akig
bohém ekéi
gerezd ekért
euró val
koldus on
mohamed án od
boldog akon
orbán otok
dagesztán hoz
tapint ottatok
tized ekről
újság okként
puc cer ért
szon át a
neur ológus aitok
szélső kön
ámen jeid
harminc egy edik ben
él elem
vihog lak
síp csont unk
oszt ja
hány ni
gyűszű i
ellen jegy ez
parmez án okhoz
vir ít ottuk
tr eff hez
er zsé bet nél
ír ott ért
lobog nátok
egyen j ogúság ok ra
űrhajó éi
és szerűtlen t
méltány talan okban
pénz ből
végzet t ség
reggel eim
nyelv tudás t
szem golyó i
csont váz é
gázol ás
helyszín ekhez
szop rán
utó játék ként
sor rend re
alap ismeret hez
paszt er nák om
s crip t eket
cukor beteg ségből
enzim ük
könny zacskó tok
kap tár atok
államháztartás okban
rend hagy ók
lepel től
tranz akció nk
barchesz aink
házasság i akhoz
terep ei
deklináció ik
mi kszáth hoz
fenn tart óm
koordin ál jak
hoz tam
virtu óz
förmed vény eknél
dial ógus tól
alsó éi
ellenszenv ért
élő s ködő knek
olaj uk
dug ótok
hipo kot il okig
állapot os akhoz
hó cipő kbe
nagy vonal ú
áru feltölt őig
kam pá ny a
lici tál ni
lefordít hat
retten ned
rendezés ű
drog okéi
folpac k nak
bal jós hoz
rozsda színű ről
hexán unk
stand ard izál nak
szlo vén on
vizuális aktól
ír ektől
formális akban
ü sző tök
l agy matag okban
apos tol iig
műhold akat
emészt és hez
követ ő en
nikotin okhoz
víz festmény ek
fel mér ése
radi átor nak
mű bútor aszt alos okba
pisz kál jalak
dicsér tél
terv szerű ekről
illatszer bolt ot
homlok zat aid
neki nyom
szív kagyló kra
szólás mondás ai
könyves polc okat
futás okba
szalon darab oké
evaku ál junk
hur oknál
rendszer e
meg ment ettél
elhagy ó
alt ban
büdzs é ből
pap ság hoz
be köp nöd
szivár vány ig
rác z ban
nyugod t abb
kórok tan ig
dzsé im
ács okat
hant ja
vadász om nak
kere vet eknél
lant ja
tör hető kig
leg később iből
fel újít ott aknak
kezdemény ez ik
lorny on jai
biztosít ótű re
infláció knak
csap nia
bárgyú kat
makro fotó itok
oda megy
deci bel ekben
nyugdíja skor ból
hajhull ás okként
gúny okért
régi ség ekhez
sav tartalom ba
tárgyal tam
állhat atos akba
öt ös öktől
nyál nak
busz okba
var kocs ról
végzet tség hez
konz ol jaitok
goromba ság aik
komp jaid
után éget őért
el indul niuk
zuhan y okért
profi l okról
nyug talanít aniuk
magyal okig
vízum é
kom pozíció kra
cetli jeik
sáv otok
létesít enek
szél ed ül
atm oszféra
mög ötti eké
szerecsen jeim
web oldal aknak
arc ú éi
nuk le áris aktól
éles ekért
vész fék ről
spanyol fal aim
ijed t em
hegedű s ökért
társít ották
kesztyű s ök
vád ol nál
gép ely ed
feromon okként
ürü khöz
szakértő k
prosper ál nának
fest őké
hír lap hoz
tömeg szám
perjel eik
gór é ban
alattom os on
velúr ra
sorozat gyilkos uk
hajó s okról
kitilt otta
ország
tripper ből
becs vágy ótól
csőváz aink
per el tél
félre ismer hetetlen ekbe
mód osít óim
öv es ekre
vadász om nál
jassz oknál
lyuk ad ul
meny hez
vizsgál ó n
gluténmentes
sni t t
tánc os pár okéi
móric aink
ráf ázik
ki kapcsol ná
tengely kapcsol óik
kam u
i sik ben
kísértet jük
forog niuk
poli gon ja
emul zió ja
hólyag otok
hölgy emény éi
készlet ez nem
pokróc ként
szabály szerű eket
száz alék otok
csepp ünk
pacs ker é
konglomerátu m
fel nyit nia
kilenc ven en
régész etekül
man cs okban
fél gömb be
sármány aitok
végig zeng
alkirály ság okéi
félre fordul
szed őkért
meg becs telenít ettél
víg nál
meló vá
kókusz dió kból
vegyész mérnök ről
szi rom hoz
pár os akon
képzett eket
derít enének
f attyú nál
jámbor aké
fogas kerék re
el bír
pi masz okhoz
szak tudás okba
szín ez ve
leg önelégül tebb
recseg és re
csúf ság ban
gengszter e ink
film em ként
fergeteg ek
logikus ság okhoz
sebez hetetlen ekként
baci l us oknak
szem rehány ás nál
kész ség ekről
járvány tan aitok
vonsz ol tam
közel ebb
jog ú akig
tekint ély rombol ókéi
per get nie
au sztrál okban
pástétom okhoz
koncentr ációs akból
ülő sztráj k ok éi
töltelék ért
fon jon
tánc a
ígérget és ekként
e pszilon ra
sztet oszkóp é
ring at tátok
függő ágy ért
légi beteg ség et
el pattan jak
morzs olódik
mező gazdaság okhoz
paraszt ház aik
tánc park ett etek
meg kés ik
katona ság okért
ketyeg jetek
keres let hez
szén hidrát okon
ország otok
szak os ból
szemérem domb októl
csata kiáltás ként
re alizál ta
sz onett ként
lötty ökön
biztos aknak
cég ér eid
rövid ként
el sötét ít ettem
ábris unk
orr mellék üreg eket
b l okád jaink
hoz omány ról
vak ol at ot
meglep nél
fűz ről
attribútum ok ra
jót ékony ra
név nap okra
re gener ál va
arad ban
fő herceg ekként
ó ír jeid
szoci ológus ok
al len eké
tütü ket
fej es eid
színház akba
hangzat os tól
elő készít őkéi
szuvenír ekről
olvas hatatlan okról
elem ekben
használ t akként
fény elektrom osak ról
hajhull ás ok
landol ás ban
füst öl ne
le szed nem
infláció t
hívás okat
szárny kürt ön
domb ig
látószög ű vel
je re mi ád okig
űr ökön
bolond abb
fed őt
mászó ik
lektor ál sz
bűn bak oknál
dob okért
lánc októl
asztr ológiai akra
műhold ra
nyombél ként
össze kapcsol tunk
újszül ött höz
több nyelvű ségé
szekular izál ni
hon vágy aknak
kop t tól
fel riad ok
pro testáns oknak
integr ál janak
mán gold jaink
be vesz itek
fogyaszt ói ig
egészség i hez
játék bolt okon
boros tyán
hozzá értő ek
kedvezmény eken
net em
adat típus tól
szög ben
kézi fegyver eid
vissza vesz itek
cím ét
irigy kedő nél
germanizmus októl
tan könyv ekért
term em ből
tervez ési eknél
övez et ekhez
vir ológus oké
anya nyelvű n
pity pang októl
blam ál nálak
jó kedv ek
ki terjed t eket
csapong tunk
vízi sikló knak
kor ty
öltöny ökre
meg száll ás okról
im a
jó b nak
jóváhagy ás okról
elő lép jük
el szenved te
per eké
von tatmány aik
harmat nak
habar ovszk unk
fol sav
érint ési től
gubó juk
heg ekéi
desztill ál ták
virág zat om
tus uk
fa móz us aknak
pék ség
duó ba
adminisztrá tor é
allo morf nál
konzul tál tunk
hörcsög ért
későll néd
eleg áns
ri jád od
leküzd hetetlen től
öv eknél
tett ek
hajó tól
et etek
lakó telep ektől
szan gvinikus ról
andor okéi
krúdy ból
őssejt ekbe
törvény sértés ektől
kópé nál
táv irat iakról
ingatlan ai
szín vak okban
kis bolygó öv ről
múzeum ba
atlétikai n
ír ország iakról
paraszt ban
hasonló ság okig
mobil telefon ért
mágnes eket
tér ért
rendel vény eknek
ja k od
eleg áns akként
tanúsít unk
ragaszt ókba
pi ál d
prosti tu ál tnak
híg ít ottunk
időz ítés eknél
bomb ardíroz ok
test ápolás okról
hirde tés ekre
hó golyó ja
térd epel ne
szervez et i
meny asszony ival
uni ós októl
kli ens ed
láb léc é
kezd ődő en
szabad alom ból
nyüsz ít enem
fűtés ekből
f átum éi
fül orvos okra
por nó val
fest észet be
vág atlan oknak
sav ad ul
ásvány víz ig
gyap jú ink
helyszín en
sztár ból
tár ul junk
bak fis ban
rendszer ük
egység es re
fel talál óé
kastély t
karácsony faégő
érdem es ekéi
fő orvos
szép ia
evaku ál tam
dem óitok
el ad tak
hipo kot il okat
közel ebbi d
trivi ális akról
friss ül niük
hús gombóc oké
őssejt kutatás oknál
ön ző kként
igaz ít anak
mez telen ekként
nyelv tan ért
disz pécs er eknek
haj dísz ed
szerszám okért
apos tol iakért
juhar szirup hoz
el nyer lek
pixel eket
kel nem
kritér ium okig
sz andzsák ért
foszt ogat nunk
elektr ifikál juk
kre atív ban
takar junk
házi állat okként
edz és ük
máz li ként
fel es el jetek
ny al na
sziget el nie
alg arat ra
bélyeg gyűjt ésen
bömb öl lek
állam osít ás okért
man ó ként
rezerv ál ok
flastrom ok ból
h éber ekre
s ajka csont hoz
olló itok
hold fény ről
lít ium okba
lefordít ás
alap osság okért
rajz ol tok
inkviz íció ja
szeg regáció knál
kedvenc e
ben kő től
harang játék oknak
zeng nie
olvasás aid
tuda kol nia
agy halál hoz
józan oknak
helyez ett jeink
ambul atórium é
z el ler ekhez
antiszeptikus ak ban
nagy vak ok
fa rész ből
langy ért
mikró kra
isten tisztelet ekhez
kedvű ekként
bár szekrény éi
jelkép es en
de aktivál tad
zsizsik ekig
gonosz okat
miniszter e
köz ömb ös éi
párbaj tőr öd
fut ár uk
lánc ol
pop éi
ravasz ság okéi
meg fesz ül
ta más okból
tanít ás iról
süti hez
ötven harmadik hoz
elő játék aid
ánizs nál
szem nek
be zár ja
fegyver hordoz óban
bárgyú ság aim
svindl er ekhez
nyáj am
herceg nénk
könyv ekéi
aut o fókusz tól
eltér nek
devalvá l unk
hang ár ok
tervez i
géz ekhez
fűz faként
fergeteg hez
tér jetek
örök ség nek
kívánat os
juhar ra
fot ográfus nak
el kóbor ol niuk
kompakt at
unoka testvér eik
sün disznó kból
dani kból
mikro proces szor okba
fluktu ál ás
védő olt ásaik
gőz mozdony ra
kalapács nak
alkotás a
szérum a
rendszer eken
műszer t
regnál nának
faló hoz
valcer ekként
ki közös ít etek
sárga láz ra
zseb pénz eink
er de i ek
trag ikus akhoz
kém szoftver ekként
citrom fagylalt nál
agy ideg ről
értet ődő n
szabad idő
fogyaszt ói akért
ell ipszilon okért
csillag os aknak
tompa szög etek
bék éscsa ba ként
füst ért
áru ért
cél szerűtlen ekig
ajándék oz ásoktól
varró készlet ektől
le épít eném
ketté tör nénk
szökő kút
tátog nád
úszó gumi nak
smaragd varánuszok
fény forrás ok
reggel i jeink
vonz ókéi
katal ógus okéi
hozzá ad
rak part okból
el lop j
bélyeg kép éi
kap us okból
ró jalak
lap top on
sajtó szabad ság éi
porc os tól
leg nyom ósabb
dízel motor on
párhuzamos ság on
tulajdon os t
talp as ba
elő bőr re
be borít juk
fejő kként
hozzá szól nál
háromszög állás aik
rég en
rongy szed őkbe
el fogy j
rák od
disz kval ifikál d
terv et
fogyaszt ás iba
köz eg ed
rag lán nak
pontos ítás é
felismer i
kér eget őkbe
több et
ó hajt anám
herceg prím ások
meg kérdez né
vad disznó kat
mohamed ekért
brig ád ként
papi ros a
pehely súly okhoz
snóder ol ásként
hír eszt elés től
ki indul
bajnok aim
panasz okat
nagy néni n
vallás osság nak
több i ekig
tonhal aknak
függöny öké
rádió riporter
boksz zsák hoz
hegy es szög ekről
bélelt ekben
telep ülés ként
lágyék i akért
k ottaállvány a ink
ipar os od ásaid
vallás talan é
perforál tál
hit el esített ek ben
be pörög ve
fagyaszt ó tól
kenu im
őr től
üdv össég ekbe
tömb ös
drót om
légző szerv vé
buzo gány uk
kere vet ként
kancsal ság on
új év ük
i par
kerék vágás ai
ágazat okéi
el dob sz
örökle tes ig
ecet sav ak
mágikus ról
méltány ol jak
f el fedez ne
ananá sz okba
por nó kért
dokument álás iért
boldog an
edu i
viasz ok
mozaik okról
tisza derzs nek
glutamin okhoz
puttony os ból
moder ál ni
fogad ás oknak
láb közép csont okon
ki fejez te
golyó s csapágy a
redő kként
design ban
be tartás okat
ágy láb nál
előír ás nál
gond atlanság oké
ugyan így
illó kként
mondat tól
int ettél
benzin tartály ba
község i ekéi
év tized estől
mély pont ot
takar ó nál
elpater ol ni
ki indul ás itól
bandi kut hoz
meg sérül nöm
lehel jük
rák ként
szent é
el bocsájt ották
pascal juk
kereszt ül szűr
kovács otok
szé dül nek
szemlél tetés ekért
rovar oké
kiegészít ő i
bűn ügyi ekként
haj gyökér fájás oknak
elkövet ek
telefon betyár okig
illetékes ség em
orr sövény ért
pápa i ként
föld el ed
meg adás on
in je kció kként
újjá épít itek
spin eken
láb közép csont okra
el gázol na
ny al tad
expressz ív eken
jenki d
zarándok éi
jog osít va
oxig én től
inter akció tok
ide ad notok
meg test es ít ett
ágy tál akra
szer ekig
vér vizsgál at aitok
rinocérosz aid
gomb lyuk tól
autó busz októl
al világ okért
budi ig
szemel i
verbális aké
csetres en
cső harang ról
magyaráz nák
szén sav éi
mű t öt tem
bér eken
szótár akból
orr szarvú juk
vegy ipar i
fénykép ez ik
el lek
nyüsz ít enek
hó ember től
bináris aknak
premier jük
javas asszony aink
d ong notok
négy es eim
gen oc ídium aim
irt anak
ki enged jetek
le jár ják
csillag gyümölcs től
szeret ik
andal ító akéi
szimp atikus akon
ellentmond ás oknak
klapec eké
var só éi
meg ismertet ték
pubert ás ra
ígér jék
sötét zöld eken
ízület ekről
üt endő
fürdő köpeny ekről
térítő k re
szak képzett ekről
kar itatív nál
bil ater ális ként
emlős ökként
format ál nák
hal luc ináció kból
kézi szótár akéi
léc ekéi
doksi n
rongy aim
alj é
habar cs ért
közel éi
kezdemény ez tél
szabad abb
mini kről
jád e
primitív nél
szan szkrit okéi
zs elé ket
szán a kozik
pedag ógus on
fehér egyen súly nak
szem ügy ben
beállít ható hoz
euró tok
járó tól
ál aktól
zargat tok
vallás szabad ság é
nyugalom ként
okos on
utó játék unk
index ek
esz köz
vak ol at éi
ki vet ette
kereszt es eknek
tűr ő éi
nyűgöz telek
proces szoros akat
sző jek
be látható kért
tőkehal aim
pásztor oké
vég telen ekbe
jé kéi
szer tartás osak at
katlan hoz
orientáció m
dal okba
muszl im ról
albatro sz okat
sznob ról
bélyeg gyűjt ésig
hő hullám okra
létszám ú akként
metsző éi
fot o szintézis ekre
burgonya püré
minősít és em
viseltes et
elver tük
szombat hely i ekhez
vasal óról
rajong tam
almabor od
egybe írás aitok
motor csónak ig
priccses nadrág oknak
aktivitás aim
bor tudomány ai
nő gyűlöl etek é
bal es eti nek
tyé ké
belügy ekhez
ideg gyógyász at a
fecsér el j
dilinós akhoz
perc
nős tény ekhez
fény másol ód
eff ből
szmokin g okat
mű faj okig
sáfár ért
ka muflázs om
száll niuk
kongó kban
tipp eknél
metél telek
ispán jaid
l es ei ben
irtó ik
nagy betűs nek
le fejez ésen
jár ható ig
hom ár jaik
ákombákom éi
meg szeg telek
erősít és ig
ecset é
csokonai n
metszés ed
ér ték
ne jen
ellentmond ás aik
új fajta
tea szűr őkhöz
igazolvány kép ig
tudat ta
észak keleti től
eb be
jelentő ség ekig
gyerek nyelv re
búvó hely ekben
szur do k okról
blan kaként
szendvics ek
s csí ken
minden képpen
alapít unk
somogy unk
lakó telep ed
